i:\code\driver_code\bypass_360zhudongfangyu\x64\debug\vc143.pdb
i:\code\driver_code\bypass_360zhudongfangyu\x64\debug\tools.obj
i:\code\driver_code\bypass_360zhudongfangyu\x64\debug\ntdllmap.obj
i:\code\driver_code\bypass_360zhudongfangyu\x64\debug\360bypass.obj
i:\code\driver_code\iocreate_驱动通信\x64\debug\concrt140d.dll
i:\code\driver_code\iocreate_驱动通信\x64\debug\msvcp140d.dll
i:\code\driver_code\iocreate_驱动通信\x64\debug\msvcp140d_atomic_wait.dll
i:\code\driver_code\iocreate_驱动通信\x64\debug\msvcp140d_codecvt_ids.dll
i:\code\driver_code\iocreate_驱动通信\x64\debug\msvcp140_1d.dll
i:\code\driver_code\iocreate_驱动通信\x64\debug\msvcp140_2d.dll
i:\code\driver_code\iocreate_驱动通信\x64\debug\vccorlib140d.dll
i:\code\driver_code\iocreate_驱动通信\x64\debug\vcruntime140d.dll
i:\code\driver_code\iocreate_驱动通信\x64\debug\vcruntime140_1d.dll
i:\code\driver_code\iocreate_驱动通信\x64\debug\vcamp140d.dll
i:\code\driver_code\iocreate_驱动通信\x64\debug\vcomp140d.dll
i:\code\driver_code\iocreate_驱动通信\x64\debug\libomp140.x86_64.dll
i:\code\driver_code\iocreate_驱动通信\x64\debug\libomp140d.x86_64.dll
i:\code\driver_code\iocreate_驱动通信\x64\debug\ucrtbased.dll
i:\code\driver_code\iocreate_驱动通信\x64\debug\bypass_360zhudongfangyu.sys
i:\code\driver_code\iocreate_驱动通信\x64\debug\bypass_360zhudongfangyu.pdb
i:\code\driver_code\iocreate_驱动通信\x64\debug\bypass_360zhudongfangyu.cer
i:\code\driver_code\bypass_360zhudongfangyu\x64\debug\bypass_3.34d7286e.tlog\cl.command.1.tlog
i:\code\driver_code\bypass_360zhudongfangyu\x64\debug\bypass_3.34d7286e.tlog\cl.read.1.tlog
i:\code\driver_code\bypass_360zhudongfangyu\x64\debug\bypass_3.34d7286e.tlog\cl.write.1.tlog
i:\code\driver_code\bypass_360zhudongfangyu\x64\debug\bypass_3.34d7286e.tlog\copylocal.read.1u.tlog
i:\code\driver_code\bypass_360zhudongfangyu\x64\debug\bypass_3.34d7286e.tlog\copylocal.write.1u.tlog
i:\code\driver_code\bypass_360zhudongfangyu\x64\debug\bypass_3.34d7286e.tlog\link.command.1.tlog
i:\code\driver_code\bypass_360zhudongfangyu\x64\debug\bypass_3.34d7286e.tlog\link.read.1.tlog
i:\code\driver_code\bypass_360zhudongfangyu\x64\debug\bypass_3.34d7286e.tlog\link.write.1.tlog
i:\code\driver_code\bypass_360zhudongfangyu\x64\debug\bypass_3.34d7286e.tlog\signtool.command.1.tlog
i:\code\driver_code\bypass_360zhudongfangyu\x64\debug\bypass_3.34d7286e.tlog\signtool.read.1.tlog
i:\code\driver_code\bypass_360zhudongfangyu\x64\debug\bypass_3.34d7286e.tlog\signtool.timestamp.1.tlog
i:\code\driver_code\bypass_360zhudongfangyu\x64\debug\bypass_3.34d7286e.tlog\signtool.write.1.tlog
